# JRE version: Java(TM) SE Runtime Environment (17.0.10+11) (build 17.0.10+11-LTS-240)
# Java VM: Java HotSpot(TM) 64-Bit Server VM (17.0.10+11-LTS-240, mixed mode, sharing, tiered, compressed oops, compressed class ptrs, g1 gc, windows-amd64)
GC Precious Log:
 CPUs: 8 total, 8 available
 Memory: 7834M
 Large Page Support: Disabled
 NUMA Support: Disabled
 Compressed Oops: Enabled (32-bit)
 Heap Region Size: 1M
 Heap Min Capacity: 8M
 Heap Initial Capacity: 124M
 Heap Max Capacity: 2G
 Pre-touch: Disabled
 Parallel Workers: 8
 Concurrent Workers: 2
 Concurrent Refinement Workers: 8
 Periodic GC: Disabled
Heap:
 garbage-first heap   total 444416K, used 206032K [0x0000000080000000, 0x0000000100000000)
  region size 1024K, 8 young (8192K), 8 survivors (8192K)
 Metaspace       used 103805K, committed 104832K, reserved 557056K
  class space    used 14488K, committed 14976K, reserved 425984K
GC Heap History (20 events):
Event: 53.079 GC heap after
{Heap after GC invocations=40 (full 0):
 garbage-first heap   total 251904K, used 135676K [0x0000000080000000, 0x0000000100000000)
  region size 1024K, 11 young (11264K), 11 survivors (11264K)
 Metaspace       used 95580K, committed 96512K, reserved 557056K
  class space    used 13446K, committed 13888K, reserved 425984K
}
Event: 55.320 GC heap before
{Heap before GC invocations=40 (full 0):
 garbage-first heap   total 251904K, used 202236K [0x0000000080000000, 0x0000000100000000)
  region size 1024K, 76 young (77824K), 11 survivors (11264K)
 Metaspace       used 100598K, committed 101504K, reserved 557056K
  class space    used 14116K, committed 14528K, reserved 425984K
}
Event: 55.351 GC heap after
{Heap after GC invocations=41 (full 0):
 garbage-first heap   total 251904K, used 140315K [0x0000000080000000, 0x0000000100000000)
  region size 1024K, 5 young (5120K), 5 survivors (5120K)
 Metaspace       used 100598K, committed 101504K, reserved 557056K
  class space    used 14116K, committed 14528K, reserved 425984K
}
Event: 56.652 GC heap before
{Heap before GC invocations=41 (full 0):
 garbage-first heap   total 251904K, used 204827K [0x0000000080000000, 0x0000000100000000)
  region size 1024K, 68 young (69632K), 5 survivors (5120K)
 Metaspace       used 102803K, committed 103744K, reserved 557056K
  class space    used 14378K, committed 14784K, reserved 425984K
}
Event: 56.664 GC heap after
{Heap after GC invocations=42 (full 0):
 garbage-first heap   total 251904K, used 145407K [0x0000000080000000, 0x0000000100000000)
  region size 1024K, 9 young (9216K), 9 survivors (9216K)
 Metaspace       used 102803K, committed 103744K, reserved 557056K
  class space    used 14378K, committed 14784K, reserved 425984K
}
Event: 61.382 GC heap before
{Heap before GC invocations=42 (full 0):
 garbage-first heap   total 251904K, used 198655K [0x0000000080000000, 0x0000000100000000)
  region size 1024K, 62 young (63488K), 9 survivors (9216K)
 Metaspace       used 103635K, committed 104576K, reserved 557056K
  class space    used 14480K, committed 14912K, reserved 425984K
}
Event: 61.426 GC heap after
{Heap after GC invocations=43 (full 0):
 garbage-first heap   total 251904K, used 153378K [0x0000000080000000, 0x0000000100000000)
  region size 1024K, 9 young (9216K), 9 survivors (9216K)
 Metaspace       used 103635K, committed 104576K, reserved 557056K
  class space    used 14480K, committed 14912K, reserved 425984K
}
Event: 65.040 GC heap before
{Heap before GC invocations=43 (full 0):
 garbage-first heap   total 444416K, used 426786K [0x0000000080000000, 0x0000000100000000)
  region size 1024K, 37 young (37888K), 9 survivors (9216K)
 Metaspace       used 103805K, committed 104832K, reserved 557056K
  class space    used 14488K, committed 14976K, reserved 425984K
}
Event: 65.063 GC heap after
{Heap after GC invocations=44 (full 0):
 garbage-first heap   total 444416K, used 156423K [0x0000000080000000, 0x0000000100000000)
  region size 1024K, 5 young (5120K), 5 survivors (5120K)
 Metaspace       used 103805K, committed 104832K, reserved 557056K
  class space    used 14488K, committed 14976K, reserved 425984K
}
Event: 65.487 GC heap before
{Heap before GC invocations=44 (full 0):
 garbage-first heap   total 444416K, used 231175K [0x0000000080000000, 0x0000000100000000)
  region size 1024K, 27 young (27648K), 5 survivors (5120K)
 Metaspace       used 103805K, committed 104832K, reserved 557056K
  class space    used 14488K, committed 14976K, reserved 425984K
}
Event: 65.518 GC heap after
{Heap after GC invocations=45 (full 0):
 garbage-first heap   total 444416K, used 174265K [0x0000000080000000, 0x0000000100000000)
  region size 1024K, 8 young (8192K), 8 survivors (8192K)
 Metaspace       used 103805K, committed 104832K, reserved 557056K
  class space    used 14488K, committed 14976K, reserved 425984K
}
Event: 65.632 GC heap before
{Heap before GC invocations=45 (full 0):
 garbage-first heap   total 444416K, used 228537K [0x0000000080000000, 0x0000000100000000)
  region size 1024K, 17 young (17408K), 8 survivors (8192K)
 Metaspace       used 103805K, committed 104832K, reserved 557056K
  class space    used 14488K, committed 14976K, reserved 425984K
}
Event: 65.636 GC heap after
{Heap after GC invocations=46 (full 0):
 garbage-first heap   total 444416K, used 186515K [0x0000000080000000, 0x0000000100000000)
  region size 1024K, 10 young (10240K), 10 survivors (10240K)
 Metaspace       used 103805K, committed 104832K, reserved 557056K
  class space    used 14488K, committed 14976K, reserved 425984K
}
Event: 65.707 GC heap before
{Heap before GC invocations=46 (full 0):
 garbage-first heap   total 444416K, used 219283K [0x0000000080000000, 0x0000000100000000)
  region size 1024K, 15 young (15360K), 10 survivors (10240K)
 Metaspace       used 103805K, committed 104832K, reserved 557056K
  class space    used 14488K, committed 14976K, reserved 425984K
}
Event: 65.712 GC heap after
{Heap after GC invocations=47 (full 0):
 garbage-first heap   total 444416K, used 194707K [0x0000000080000000, 0x0000000100000000)
  region size 1024K, 11 young (11264K), 11 survivors (11264K)
 Metaspace       used 103805K, committed 104832K, reserved 557056K
  class space    used 14488K, committed 14976K, reserved 425984K
}
Event: 65.795 GC heap before
{Heap before GC invocations=47 (full 0):
 garbage-first heap   total 444416K, used 221331K [0x0000000080000000, 0x0000000100000000)
  region size 1024K, 15 young (15360K), 11 survivors (11264K)
 Metaspace       used 103805K, committed 104832K, reserved 557056K
  class space    used 14488K, committed 14976K, reserved 425984K
}
Event: 65.799 GC heap after
{Heap after GC invocations=48 (full 0):
 garbage-first heap   total 444416K, used 203423K [0x0000000080000000, 0x0000000100000000)
  region size 1024K, 12 young (12288K), 12 survivors (12288K)
 Metaspace       used 103805K, committed 104832K, reserved 557056K
  class space    used 14488K, committed 14976K, reserved 425984K
}
Event: 65.825 GC heap before
{Heap before GC invocations=48 (full 0):
 garbage-first heap   total 444416K, used 220831K [0x0000000080000000, 0x0000000100000000)
  region size 1024K, 13 young (13312K), 12 survivors (12288K)
 Metaspace       used 103805K, committed 104832K, reserved 557056K
  class space    used 14488K, committed 14976K, reserved 425984K
}
Event: 65.832 GC heap after
{Heap after GC invocations=49 (full 0):
 garbage-first heap   total 444416K, used 205810K [0x0000000080000000, 0x0000000100000000)
  region size 1024K, 9 young (9216K), 9 survivors (9216K)
 Metaspace       used 103805K, committed 104832K, reserved 557056K
  class space    used 14488K, committed 14976K, reserved 425984K
}
Event: 65.841 GC heap before
{Heap before GC invocations=49 (full 0):
 garbage-first heap   total 444416K, used 208882K [0x0000000080000000, 0x0000000100000000)
  region size 1024K, 10 young (10240K), 9 survivors (9216K)
 Metaspace       used 103805K, committed 104832K, reserved 557056K
  class space    used 14488K, committed 14976K, reserved 425984K
}

